<?xml version="1.0" encoding="UTF-8"?>
<!-- Generated by org.testng.reporters.JUnitReportReporter -->
<testsuite hostname="MKT" failures="0" tests="1" name="package1.One1" time="4.301" errors="0" timestamp="2024-06-10T15:15:07 IST" skipped="0">
  <testcase classname="package1.One1" name="testcas1" time="4.301"/>
</testsuite> <!-- package1.One1 -->
